Start testing: Feb 27 17:36 CET
----------------------------------------------------------
1/1 Testing: unit-test_first
1/1 Test: unit-test_first
Command: "/Users/maxi/Desktop/ENv5_Base_Project/cmake-build-test/test/unit/test/unit/unit-test_first"
Directory: /Users/maxi/Desktop/ENv5_Base_Project/cmake-build-test/test/unit/test/unit
"unit-test_first" start time: Feb 27 17:36 CET
Output:
----------------------------------------------------------
/Users/maxi/Desktop/ENv5_Base_Project/test/unit/UnittestFirst.c:8:test_shouldFail:FAIL

-----------------------
1 Tests 1 Failures 0 Ignored 
FAIL
<end of output>
Test time =   0.19 sec
----------------------------------------------------------
Test Passed.
"unit-test_first" end time: Feb 27 17:36 CET
"unit-test_first" time elapsed: 00:00:00
----------------------------------------------------------

End testing: Feb 27 17:36 CET
